<?xml version="1.0" encoding="UTF-8"?>
<!-- Generated by org.testng.reporters.JUnitXMLReporter -->
<testsuite ignored="0" hostname="LAPTOP-MDDC7LI2" failures="0" tests="3" name="Default test" time="38.666" errors="0" timestamp="2023-08-21T15:33:23 IST">
  <testcase classname="com.qa.openCart.base.RegisterPageTest" name="submitUserRegistration" time="10.739"/>
  <testcase classname="com.qa.openCart.base.RegisterPageTest" name="submitUserRegistration" time="10.026"/>
  <testcase classname="com.qa.openCart.base.RegisterPageTest" name="submitUserRegistration" time="10.035"/>
</testsuite> <!-- Default test -->
